2024-12-02 17:09:34,040 [Worker-11: Loading available Gradle versions] INFO  o.e.b.c.i.u.g.PublishedGradleVersions - Gradle version information cache is up-to-date. Trying to read.
2024-12-02 17:09:35,292 [Worker-15: Repository registry initialization] ERROR o.e.m.c.internal.embedder.MavenImpl - Could not read settingsCacheMap.xml, assuming default values
org.apache.maven.settings.building.SettingsBuildingException: 1 problem was encountered while building the effective settings
[FATAL] Non-parseable settings /Users/McEwa/.m2/settings.xml: expected = after attribute name (position: START_DOCUMENT seen ...://www.w3.org/2001/XMLSchema-instance"\nxsi:schemaLocation=""http:/... @3:28)  @ /Users/McEwa/.m2/settings.xml, line 3, column 28

	at org.apache.maven.settings.building.DefaultSettingsBuilder.build(DefaultSettingsBuilder.java:115)
	at org.eclipse.m2e.core.internal.embedder.MavenImpl$MavenSettings.getSettings(MavenImpl.java:1117)
	at org.eclipse.m2e.core.internal.embedder.MavenImpl.getSettings(MavenImpl.java:279)
	at org.eclipse.m2e.core.internal.embedder.MavenImpl.getSettings(MavenImpl.java:273)
	at org.eclipse.m2e.core.internal.repository.RepositoryRegistry.updateRegistry(RepositoryRegistry.java:229)
	at org.eclipse.m2e.core.internal.repository.RepositoryRegistryUpdateJob.run(RepositoryRegistryUpdateJob.java:50)
	at org.eclipse.core.internal.jobs.Worker.run(Worker.java:63)
2024-12-03 12:39:29,340 [Worker-6: Loading available Gradle versions] INFO  o.e.b.c.i.u.g.PublishedGradleVersions - Gradle version information cache is out-of-date. Trying to update.
2024-12-03 12:39:31,892 [Worker-13: Updating Maven Dependencies] ERROR o.e.m.c.internal.embedder.MavenImpl - Could not read settingsCacheMap.xml, assuming default values
org.apache.maven.settings.building.SettingsBuildingException: 1 problem was encountered while building the effective settings
[FATAL] Non-parseable settings /Users/McEwa/.m2/settings.xml: expected = after attribute name (position: START_DOCUMENT seen ...://www.w3.org/2001/XMLSchema-instance"\nxsi:schemaLocation=""http:/... @3:28)  @ /Users/McEwa/.m2/settings.xml, line 3, column 28

	at org.apache.maven.settings.building.DefaultSettingsBuilder.build(DefaultSettingsBuilder.java:115)
	at org.eclipse.m2e.core.internal.embedder.MavenImpl$MavenSettings.getSettings(MavenImpl.java:1117)
	at org.eclipse.m2e.core.internal.embedder.MavenImpl.getSettings(MavenImpl.java:279)
	at org.eclipse.m2e.core.internal.embedder.MavenExecutionContext.createExecutionRequest(MavenExecutionContext.java:207)
	at org.eclipse.m2e.core.internal.embedder.MavenExecutionContext.newExecutionRequest(MavenExecutionContext.java:168)
	at org.eclipse.m2e.core.internal.embedder.MavenExecutionContext.execute(MavenExecutionContext.java:305)
	at org.eclipse.m2e.core.internal.embedder.MavenExecutionContext.execute(MavenExecutionContext.java:278)
	at org.eclipse.m2e.core.internal.project.registry.ProjectRegistryRefreshJob.run(ProjectRegistryRefreshJob.java:106)
	at org.eclipse.core.internal.jobs.Worker.run(Worker.java:63)
2024-12-04 10:42:21,850 [Worker-6: Loading available Gradle versions] INFO  o.e.b.c.i.u.g.PublishedGradleVersions - Gradle version information cache is up-to-date. Trying to read.
2024-12-04 10:42:23,709 [Worker-13: Updating Maven Dependencies] ERROR o.e.m.c.internal.embedder.MavenImpl - Could not read settingsCacheMap.xml, assuming default values
org.apache.maven.settings.building.SettingsBuildingException: 1 problem was encountered while building the effective settings
[FATAL] Non-parseable settings /Users/McEwa/.m2/settings.xml: expected = after attribute name (position: START_DOCUMENT seen ...://www.w3.org/2001/XMLSchema-instance"\nxsi:schemaLocation=""http:/... @3:28)  @ /Users/McEwa/.m2/settings.xml, line 3, column 28

	at org.apache.maven.settings.building.DefaultSettingsBuilder.build(DefaultSettingsBuilder.java:115)
	at org.eclipse.m2e.core.internal.embedder.MavenImpl$MavenSettings.getSettings(MavenImpl.java:1117)
	at org.eclipse.m2e.core.internal.embedder.MavenImpl.getSettings(MavenImpl.java:279)
	at org.eclipse.m2e.core.internal.embedder.MavenExecutionContext.createExecutionRequest(MavenExecutionContext.java:207)
	at org.eclipse.m2e.core.internal.embedder.MavenExecutionContext.newExecutionRequest(MavenExecutionContext.java:168)
	at org.eclipse.m2e.core.internal.embedder.MavenExecutionContext.execute(MavenExecutionContext.java:305)
	at org.eclipse.m2e.core.internal.embedder.MavenExecutionContext.execute(MavenExecutionContext.java:278)
	at org.eclipse.m2e.core.internal.project.registry.ProjectRegistryRefreshJob.run(ProjectRegistryRefreshJob.java:106)
	at org.eclipse.core.internal.jobs.Worker.run(Worker.java:63)
2024-12-05 11:14:05,229 [Worker-6: Loading available Gradle versions] INFO  o.e.b.c.i.u.g.PublishedGradleVersions - Gradle version information cache is out-of-date. Trying to update.
2024-12-05 11:14:07,417 [Worker-12: Repository registry initialization] ERROR o.e.m.c.internal.embedder.MavenImpl - Could not read settingsCacheMap.xml, assuming default values
org.apache.maven.settings.building.SettingsBuildingException: 1 problem was encountered while building the effective settings
[FATAL] Non-parseable settings /Users/McEwa/.m2/settings.xml: expected = after attribute name (position: START_DOCUMENT seen ...://www.w3.org/2001/XMLSchema-instance"\nxsi:schemaLocation=""http:/... @3:28)  @ /Users/McEwa/.m2/settings.xml, line 3, column 28

	at org.apache.maven.settings.building.DefaultSettingsBuilder.build(DefaultSettingsBuilder.java:115)
	at org.eclipse.m2e.core.internal.embedder.MavenImpl$MavenSettings.getSettings(MavenImpl.java:1117)
	at org.eclipse.m2e.core.internal.embedder.MavenImpl.getSettings(MavenImpl.java:279)
	at org.eclipse.m2e.core.internal.embedder.MavenImpl.getSettings(MavenImpl.java:273)
	at org.eclipse.m2e.core.internal.repository.RepositoryRegistry.updateRegistry(RepositoryRegistry.java:229)
	at org.eclipse.m2e.core.internal.repository.RepositoryRegistryUpdateJob.run(RepositoryRegistryUpdateJob.java:50)
	at org.eclipse.core.internal.jobs.Worker.run(Worker.java:63)
2024-12-07 11:52:59,257 [Worker-11: Loading available Gradle versions] INFO  o.e.b.c.i.u.g.PublishedGradleVersions - Gradle version information cache is out-of-date. Trying to update.
2024-12-07 11:53:01,210 [Worker-27: Repository registry initialization] ERROR o.e.m.c.internal.embedder.MavenImpl - Could not read settingsCacheMap.xml, assuming default values
org.apache.maven.settings.building.SettingsBuildingException: 1 problem was encountered while building the effective settings
[FATAL] Non-parseable settings /Users/McEwa/.m2/settings.xml: expected = after attribute name (position: START_DOCUMENT seen ...://www.w3.org/2001/XMLSchema-instance"\nxsi:schemaLocation=""http:/... @3:28)  @ /Users/McEwa/.m2/settings.xml, line 3, column 28

	at org.apache.maven.settings.building.DefaultSettingsBuilder.build(DefaultSettingsBuilder.java:115)
	at org.eclipse.m2e.core.internal.embedder.MavenImpl$MavenSettings.getSettings(MavenImpl.java:1117)
	at org.eclipse.m2e.core.internal.embedder.MavenImpl.getSettings(MavenImpl.java:279)
	at org.eclipse.m2e.core.internal.embedder.MavenImpl.getSettings(MavenImpl.java:273)
	at org.eclipse.m2e.core.internal.repository.RepositoryRegistry.updateRegistry(RepositoryRegistry.java:229)
	at org.eclipse.m2e.core.internal.repository.RepositoryRegistryUpdateJob.run(RepositoryRegistryUpdateJob.java:50)
	at org.eclipse.core.internal.jobs.Worker.run(Worker.java:63)
2024-12-09 11:27:33,911 [Worker-4: Loading available Gradle versions] INFO  o.e.b.c.i.u.g.PublishedGradleVersions - Gradle version information cache is out-of-date. Trying to update.
2024-12-09 11:27:35,806 [Worker-18: Repository registry initialization] ERROR o.e.m.c.internal.embedder.MavenImpl - Could not read settingsCacheMap.xml, assuming default values
org.apache.maven.settings.building.SettingsBuildingException: 1 problem was encountered while building the effective settings
[FATAL] Non-parseable settings /Users/McEwa/.m2/settings.xml: expected = after attribute name (position: START_DOCUMENT seen ...://www.w3.org/2001/XMLSchema-instance"\nxsi:schemaLocation=""http:/... @3:28)  @ /Users/McEwa/.m2/settings.xml, line 3, column 28

	at org.apache.maven.settings.building.DefaultSettingsBuilder.build(DefaultSettingsBuilder.java:115)
	at org.eclipse.m2e.core.internal.embedder.MavenImpl$MavenSettings.getSettings(MavenImpl.java:1117)
	at org.eclipse.m2e.core.internal.embedder.MavenImpl.getSettings(MavenImpl.java:279)
	at org.eclipse.m2e.core.internal.embedder.MavenImpl.getSettings(MavenImpl.java:273)
	at org.eclipse.m2e.core.internal.repository.RepositoryRegistry.updateRegistry(RepositoryRegistry.java:229)
	at org.eclipse.m2e.core.internal.repository.RepositoryRegistryUpdateJob.run(RepositoryRegistryUpdateJob.java:50)
	at org.eclipse.core.internal.jobs.Worker.run(Worker.java:63)
2024-12-09 11:28:04,770 [Worker-4: Loading available Gradle versions] INFO  o.e.b.c.i.u.g.PublishedGradleVersions - Updating Gradle version information cache failed. Using outdated cache.
2024-12-10 16:31:18,993 [Worker-1: Loading available Gradle versions] INFO  o.e.b.c.i.u.g.PublishedGradleVersions - Gradle version information cache is out-of-date. Trying to update.
2024-12-10 16:31:21,208 [Worker-16: Repository registry initialization] ERROR o.e.m.c.internal.embedder.MavenImpl - Could not read settingsCacheMap.xml, assuming default values
org.apache.maven.settings.building.SettingsBuildingException: 1 problem was encountered while building the effective settings
[FATAL] Non-parseable settings /Users/McEwa/.m2/settings.xml: expected = after attribute name (position: START_DOCUMENT seen ...://www.w3.org/2001/XMLSchema-instance"\nxsi:schemaLocation=""http:/... @3:28)  @ /Users/McEwa/.m2/settings.xml, line 3, column 28

	at org.apache.maven.settings.building.DefaultSettingsBuilder.build(DefaultSettingsBuilder.java:115)
	at org.eclipse.m2e.core.internal.embedder.MavenImpl$MavenSettings.getSettings(MavenImpl.java:1117)
	at org.eclipse.m2e.core.internal.embedder.MavenImpl.getSettings(MavenImpl.java:279)
	at org.eclipse.m2e.core.internal.embedder.MavenImpl.getSettings(MavenImpl.java:273)
	at org.eclipse.m2e.core.internal.repository.RepositoryRegistry.updateRegistry(RepositoryRegistry.java:229)
	at org.eclipse.m2e.core.internal.repository.RepositoryRegistryUpdateJob.run(RepositoryRegistryUpdateJob.java:50)
	at org.eclipse.core.internal.jobs.Worker.run(Worker.java:63)
2024-12-12 10:00:52,783 [Worker-9: Loading available Gradle versions] INFO  o.e.b.c.i.u.g.PublishedGradleVersions - Gradle version information cache is out-of-date. Trying to update.
2024-12-12 10:00:55,128 [Worker-17: Updating Maven Dependencies] ERROR o.e.m.c.internal.embedder.MavenImpl - Could not read settingsCacheMap.xml, assuming default values
org.apache.maven.settings.building.SettingsBuildingException: 1 problem was encountered while building the effective settings
[FATAL] Non-parseable settings /Users/McEwa/.m2/settings.xml: expected = after attribute name (position: START_DOCUMENT seen ...://www.w3.org/2001/XMLSchema-instance"\nxsi:schemaLocation=""http:/... @3:28)  @ /Users/McEwa/.m2/settings.xml, line 3, column 28

	at org.apache.maven.settings.building.DefaultSettingsBuilder.build(DefaultSettingsBuilder.java:115)
	at org.eclipse.m2e.core.internal.embedder.MavenImpl$MavenSettings.getSettings(MavenImpl.java:1117)
	at org.eclipse.m2e.core.internal.embedder.MavenImpl.getSettings(MavenImpl.java:279)
	at org.eclipse.m2e.core.internal.embedder.MavenExecutionContext.createExecutionRequest(MavenExecutionContext.java:207)
	at org.eclipse.m2e.core.internal.embedder.MavenExecutionContext.newExecutionRequest(MavenExecutionContext.java:168)
	at org.eclipse.m2e.core.internal.embedder.MavenExecutionContext.execute(MavenExecutionContext.java:305)
	at org.eclipse.m2e.core.internal.embedder.MavenExecutionContext.execute(MavenExecutionContext.java:278)
	at org.eclipse.m2e.core.internal.project.registry.ProjectRegistryRefreshJob.run(ProjectRegistryRefreshJob.java:106)
	at org.eclipse.core.internal.jobs.Worker.run(Worker.java:63)
2024-12-14 20:25:04,624 [Worker-6: Loading available Gradle versions] INFO  o.e.b.c.i.u.g.PublishedGradleVersions - Gradle version information cache is out-of-date. Trying to update.
2024-12-14 20:25:06,931 [Worker-2: Repository registry initialization] ERROR o.e.m.c.internal.embedder.MavenImpl - Could not read settingsCacheMap.xml, assuming default values
org.apache.maven.settings.building.SettingsBuildingException: 1 problem was encountered while building the effective settings
[FATAL] Non-parseable settings /Users/McEwa/.m2/settings.xml: expected = after attribute name (position: START_DOCUMENT seen ...://www.w3.org/2001/XMLSchema-instance"\nxsi:schemaLocation=""http:/... @3:28)  @ /Users/McEwa/.m2/settings.xml, line 3, column 28

	at org.apache.maven.settings.building.DefaultSettingsBuilder.build(DefaultSettingsBuilder.java:115)
	at org.eclipse.m2e.core.internal.embedder.MavenImpl$MavenSettings.getSettings(MavenImpl.java:1117)
	at org.eclipse.m2e.core.internal.embedder.MavenImpl.getSettings(MavenImpl.java:279)
	at org.eclipse.m2e.core.internal.embedder.MavenImpl.getSettings(MavenImpl.java:273)
	at org.eclipse.m2e.core.internal.repository.RepositoryRegistry.updateRegistry(RepositoryRegistry.java:229)
	at org.eclipse.m2e.core.internal.repository.RepositoryRegistryUpdateJob.run(RepositoryRegistryUpdateJob.java:50)
	at org.eclipse.core.internal.jobs.Worker.run(Worker.java:63)
2024-12-15 12:21:36,834 [Worker-2: Loading available Gradle versions] INFO  o.e.b.c.i.u.g.PublishedGradleVersions - Gradle version information cache is up-to-date. Trying to read.
2024-12-15 12:21:38,965 [Worker-15: Updating Maven Dependencies] ERROR o.e.m.c.internal.embedder.MavenImpl - Could not read settingsCacheMap.xml, assuming default values
org.apache.maven.settings.building.SettingsBuildingException: 1 problem was encountered while building the effective settings
[FATAL] Non-parseable settings /Users/McEwa/.m2/settings.xml: expected = after attribute name (position: START_DOCUMENT seen ...://www.w3.org/2001/XMLSchema-instance"\nxsi:schemaLocation=""http:/... @3:28)  @ /Users/McEwa/.m2/settings.xml, line 3, column 28

	at org.apache.maven.settings.building.DefaultSettingsBuilder.build(DefaultSettingsBuilder.java:115)
	at org.eclipse.m2e.core.internal.embedder.MavenImpl$MavenSettings.getSettings(MavenImpl.java:1117)
	at org.eclipse.m2e.core.internal.embedder.MavenImpl.getSettings(MavenImpl.java:279)
	at org.eclipse.m2e.core.internal.embedder.MavenExecutionContext.createExecutionRequest(MavenExecutionContext.java:207)
	at org.eclipse.m2e.core.internal.embedder.MavenExecutionContext.newExecutionRequest(MavenExecutionContext.java:168)
	at org.eclipse.m2e.core.internal.embedder.MavenExecutionContext.execute(MavenExecutionContext.java:305)
	at org.eclipse.m2e.core.internal.embedder.MavenExecutionContext.execute(MavenExecutionContext.java:278)
	at org.eclipse.m2e.core.internal.project.registry.ProjectRegistryRefreshJob.run(ProjectRegistryRefreshJob.java:106)
	at org.eclipse.core.internal.jobs.Worker.run(Worker.java:63)
2024-12-29 18:53:59,733 [Worker-7: Loading available Gradle versions] INFO  o.e.b.c.i.u.g.PublishedGradleVersions - Gradle version information cache is out-of-date. Trying to update.
2024-12-29 18:54:01,624 [Worker-16: Updating Maven Dependencies] ERROR o.e.m.c.internal.embedder.MavenImpl - Could not read settingsCacheMap.xml, assuming default values
org.apache.maven.settings.building.SettingsBuildingException: 1 problem was encountered while building the effective settings
[FATAL] Non-parseable settings /Users/McEwa/.m2/settings.xml: expected = after attribute name (position: START_DOCUMENT seen ...://www.w3.org/2001/XMLSchema-instance"\nxsi:schemaLocation=""http:/... @3:28)  @ /Users/McEwa/.m2/settings.xml, line 3, column 28

	at org.apache.maven.settings.building.DefaultSettingsBuilder.build(DefaultSettingsBuilder.java:115)
	at org.eclipse.m2e.core.internal.embedder.MavenImpl$MavenSettings.getSettings(MavenImpl.java:1117)
	at org.eclipse.m2e.core.internal.embedder.MavenImpl.getSettings(MavenImpl.java:279)
	at org.eclipse.m2e.core.internal.embedder.MavenExecutionContext.createExecutionRequest(MavenExecutionContext.java:207)
	at org.eclipse.m2e.core.internal.embedder.MavenExecutionContext.newExecutionRequest(MavenExecutionContext.java:168)
	at org.eclipse.m2e.core.internal.embedder.MavenExecutionContext.execute(MavenExecutionContext.java:305)
	at org.eclipse.m2e.core.internal.embedder.MavenExecutionContext.execute(MavenExecutionContext.java:278)
	at org.eclipse.m2e.core.internal.project.registry.ProjectRegistryRefreshJob.run(ProjectRegistryRefreshJob.java:106)
	at org.eclipse.core.internal.jobs.Worker.run(Worker.java:63)
2025-01-01 18:52:55,588 [Worker-8: Loading available Gradle versions] INFO  o.e.b.c.i.u.g.PublishedGradleVersions - Gradle version information cache is out-of-date. Trying to update.
2025-01-01 18:52:57,761 [Worker-16: Updating Maven Dependencies] ERROR o.e.m.c.internal.embedder.MavenImpl - Could not read settingsCacheMap.xml, assuming default values
org.apache.maven.settings.building.SettingsBuildingException: 1 problem was encountered while building the effective settings
[FATAL] Non-parseable settings /Users/McEwa/.m2/settings.xml: expected = after attribute name (position: START_DOCUMENT seen ...://www.w3.org/2001/XMLSchema-instance"\nxsi:schemaLocation=""http:/... @3:28)  @ /Users/McEwa/.m2/settings.xml, line 3, column 28

	at org.apache.maven.settings.building.DefaultSettingsBuilder.build(DefaultSettingsBuilder.java:115)
	at org.eclipse.m2e.core.internal.embedder.MavenImpl$MavenSettings.getSettings(MavenImpl.java:1117)
	at org.eclipse.m2e.core.internal.embedder.MavenImpl.getSettings(MavenImpl.java:279)
	at org.eclipse.m2e.core.internal.embedder.MavenExecutionContext.createExecutionRequest(MavenExecutionContext.java:207)
	at org.eclipse.m2e.core.internal.embedder.MavenExecutionContext.newExecutionRequest(MavenExecutionContext.java:168)
	at org.eclipse.m2e.core.internal.embedder.MavenExecutionContext.execute(MavenExecutionContext.java:305)
	at org.eclipse.m2e.core.internal.embedder.MavenExecutionContext.execute(MavenExecutionContext.java:278)
	at org.eclipse.m2e.core.internal.project.registry.ProjectRegistryRefreshJob.run(ProjectRegistryRefreshJob.java:106)
	at org.eclipse.core.internal.jobs.Worker.run(Worker.java:63)
2025-01-02 16:43:39,693 [Worker-4: Loading available Gradle versions] INFO  o.e.b.c.i.u.g.PublishedGradleVersions - Gradle version information cache is up-to-date. Trying to read.
2025-01-02 16:43:41,456 [Worker-16: Updating Maven Dependencies] ERROR o.e.m.c.internal.embedder.MavenImpl - Could not read settingsCacheMap.xml, assuming default values
org.apache.maven.settings.building.SettingsBuildingException: 1 problem was encountered while building the effective settings
[FATAL] Non-parseable settings /Users/McEwa/.m2/settings.xml: expected = after attribute name (position: START_DOCUMENT seen ...://www.w3.org/2001/XMLSchema-instance"\nxsi:schemaLocation=""http:/... @3:28)  @ /Users/McEwa/.m2/settings.xml, line 3, column 28

	at org.apache.maven.settings.building.DefaultSettingsBuilder.build(DefaultSettingsBuilder.java:115)
	at org.eclipse.m2e.core.internal.embedder.MavenImpl$MavenSettings.getSettings(MavenImpl.java:1117)
	at org.eclipse.m2e.core.internal.embedder.MavenImpl.getSettings(MavenImpl.java:279)
	at org.eclipse.m2e.core.internal.embedder.MavenExecutionContext.createExecutionRequest(MavenExecutionContext.java:207)
	at org.eclipse.m2e.core.internal.embedder.MavenExecutionContext.newExecutionRequest(MavenExecutionContext.java:168)
	at org.eclipse.m2e.core.internal.embedder.MavenExecutionContext.execute(MavenExecutionContext.java:305)
	at org.eclipse.m2e.core.internal.embedder.MavenExecutionContext.execute(MavenExecutionContext.java:278)
	at org.eclipse.m2e.core.internal.project.registry.ProjectRegistryRefreshJob.run(ProjectRegistryRefreshJob.java:106)
	at org.eclipse.core.internal.jobs.Worker.run(Worker.java:63)
2025-01-07 14:00:36,437 [Worker-5: Loading available Gradle versions] INFO  o.e.b.c.i.u.g.PublishedGradleVersions - Gradle version information cache is out-of-date. Trying to update.
2025-01-07 14:00:38,779 [Worker-18: Repository registry initialization] ERROR o.e.m.c.internal.embedder.MavenImpl - Could not read settingsCacheMap.xml, assuming default values
org.apache.maven.settings.building.SettingsBuildingException: 1 problem was encountered while building the effective settings
[FATAL] Non-parseable settings /Users/McEwa/.m2/settings.xml: expected = after attribute name (position: START_DOCUMENT seen ...://www.w3.org/2001/XMLSchema-instance"\nxsi:schemaLocation=""http:/... @3:28)  @ /Users/McEwa/.m2/settings.xml, line 3, column 28

	at org.apache.maven.settings.building.DefaultSettingsBuilder.build(DefaultSettingsBuilder.java:115)
	at org.eclipse.m2e.core.internal.embedder.MavenImpl$MavenSettings.getSettings(MavenImpl.java:1117)
	at org.eclipse.m2e.core.internal.embedder.MavenImpl.getSettings(MavenImpl.java:279)
	at org.eclipse.m2e.core.internal.embedder.MavenImpl.getSettings(MavenImpl.java:273)
	at org.eclipse.m2e.core.internal.repository.RepositoryRegistry.updateRegistry(RepositoryRegistry.java:229)
	at org.eclipse.m2e.core.internal.repository.RepositoryRegistryUpdateJob.run(RepositoryRegistryUpdateJob.java:50)
	at org.eclipse.core.internal.jobs.Worker.run(Worker.java:63)
2025-01-08 12:40:06,580 [Worker-6: Loading available Gradle versions] INFO  o.e.b.c.i.u.g.PublishedGradleVersions - Gradle version information cache is up-to-date. Trying to read.
2025-01-08 12:40:08,626 [Worker-16: Repository registry initialization] ERROR o.e.m.c.internal.embedder.MavenImpl - Could not read settingsCacheMap.xml, assuming default values
org.apache.maven.settings.building.SettingsBuildingException: 1 problem was encountered while building the effective settings
[FATAL] Non-parseable settings /Users/McEwa/.m2/settings.xml: expected = after attribute name (position: START_DOCUMENT seen ...://www.w3.org/2001/XMLSchema-instance"\nxsi:schemaLocation=""http:/... @3:28)  @ /Users/McEwa/.m2/settings.xml, line 3, column 28

	at org.apache.maven.settings.building.DefaultSettingsBuilder.build(DefaultSettingsBuilder.java:115)
	at org.eclipse.m2e.core.internal.embedder.MavenImpl$MavenSettings.getSettings(MavenImpl.java:1117)
	at org.eclipse.m2e.core.internal.embedder.MavenImpl.getSettings(MavenImpl.java:279)
	at org.eclipse.m2e.core.internal.embedder.MavenImpl.getSettings(MavenImpl.java:273)
	at org.eclipse.m2e.core.internal.repository.RepositoryRegistry.updateRegistry(RepositoryRegistry.java:229)
	at org.eclipse.m2e.core.internal.repository.RepositoryRegistryUpdateJob.run(RepositoryRegistryUpdateJob.java:50)
	at org.eclipse.core.internal.jobs.Worker.run(Worker.java:63)
2025-01-11 14:13:54,952 [Worker-4: Loading available Gradle versions] INFO  o.e.b.c.i.u.g.PublishedGradleVersions - Gradle version information cache is out-of-date. Trying to update.
2025-01-11 14:13:57,254 [Worker-18: Repository registry initialization] ERROR o.e.m.c.internal.embedder.MavenImpl - Could not read settingsCacheMap.xml, assuming default values
org.apache.maven.settings.building.SettingsBuildingException: 1 problem was encountered while building the effective settings
[FATAL] Non-parseable settings /Users/McEwa/.m2/settings.xml: expected = after attribute name (position: START_DOCUMENT seen ...://www.w3.org/2001/XMLSchema-instance"\nxsi:schemaLocation=""http:/... @3:28)  @ /Users/McEwa/.m2/settings.xml, line 3, column 28

	at org.apache.maven.settings.building.DefaultSettingsBuilder.build(DefaultSettingsBuilder.java:115)
	at org.eclipse.m2e.core.internal.embedder.MavenImpl$MavenSettings.getSettings(MavenImpl.java:1117)
	at org.eclipse.m2e.core.internal.embedder.MavenImpl.getSettings(MavenImpl.java:279)
	at org.eclipse.m2e.core.internal.embedder.MavenImpl.getSettings(MavenImpl.java:273)
	at org.eclipse.m2e.core.internal.repository.RepositoryRegistry.updateRegistry(RepositoryRegistry.java:229)
	at org.eclipse.m2e.core.internal.repository.RepositoryRegistryUpdateJob.run(RepositoryRegistryUpdateJob.java:50)
	at org.eclipse.core.internal.jobs.Worker.run(Worker.java:63)
2025-01-14 12:33:31,054 [Worker-6: Loading available Gradle versions] INFO  o.e.b.c.i.u.g.PublishedGradleVersions - Gradle version information cache is out-of-date. Trying to update.
2025-01-14 12:33:33,456 [Worker-16: Updating Maven Dependencies] ERROR o.e.m.c.internal.embedder.MavenImpl - Could not read settingsCacheMap.xml, assuming default values
org.apache.maven.settings.building.SettingsBuildingException: 1 problem was encountered while building the effective settings
[FATAL] Non-parseable settings /Users/McEwa/.m2/settings.xml: expected = after attribute name (position: START_DOCUMENT seen ...://www.w3.org/2001/XMLSchema-instance"\nxsi:schemaLocation=""http:/... @3:28)  @ /Users/McEwa/.m2/settings.xml, line 3, column 28

	at org.apache.maven.settings.building.DefaultSettingsBuilder.build(DefaultSettingsBuilder.java:115)
	at org.eclipse.m2e.core.internal.embedder.MavenImpl$MavenSettings.getSettings(MavenImpl.java:1117)
	at org.eclipse.m2e.core.internal.embedder.MavenImpl.getSettings(MavenImpl.java:279)
	at org.eclipse.m2e.core.internal.embedder.MavenExecutionContext.createExecutionRequest(MavenExecutionContext.java:207)
	at org.eclipse.m2e.core.internal.embedder.MavenExecutionContext.newExecutionRequest(MavenExecutionContext.java:168)
	at org.eclipse.m2e.core.internal.embedder.MavenExecutionContext.execute(MavenExecutionContext.java:305)
	at org.eclipse.m2e.core.internal.embedder.MavenExecutionContext.execute(MavenExecutionContext.java:278)
	at org.eclipse.m2e.core.internal.project.registry.ProjectRegistryRefreshJob.run(ProjectRegistryRefreshJob.java:106)
	at org.eclipse.core.internal.jobs.Worker.run(Worker.java:63)
2025-01-15 11:15:04,454 [Worker-6: Loading available Gradle versions] INFO  o.e.b.c.i.u.g.PublishedGradleVersions - Gradle version information cache is up-to-date. Trying to read.
2025-01-15 11:15:06,289 [Worker-16: Repository registry initialization] ERROR o.e.m.c.internal.embedder.MavenImpl - Could not read settingsCacheMap.xml, assuming default values
org.apache.maven.settings.building.SettingsBuildingException: 1 problem was encountered while building the effective settings
[FATAL] Non-parseable settings /Users/McEwa/.m2/settings.xml: expected = after attribute name (position: START_DOCUMENT seen ...://www.w3.org/2001/XMLSchema-instance"\nxsi:schemaLocation=""http:/... @3:28)  @ /Users/McEwa/.m2/settings.xml, line 3, column 28

	at org.apache.maven.settings.building.DefaultSettingsBuilder.build(DefaultSettingsBuilder.java:115)
	at org.eclipse.m2e.core.internal.embedder.MavenImpl$MavenSettings.getSettings(MavenImpl.java:1117)
	at org.eclipse.m2e.core.internal.embedder.MavenImpl.getSettings(MavenImpl.java:279)
	at org.eclipse.m2e.core.internal.embedder.MavenImpl.getSettings(MavenImpl.java:273)
	at org.eclipse.m2e.core.internal.repository.RepositoryRegistry.updateRegistry(RepositoryRegistry.java:229)
	at org.eclipse.m2e.core.internal.repository.RepositoryRegistryUpdateJob.run(RepositoryRegistryUpdateJob.java:50)
	at org.eclipse.core.internal.jobs.Worker.run(Worker.java:63)
2025-01-15 11:23:33,233 [Worker-9: Loading available Gradle versions] INFO  o.e.b.c.i.u.g.PublishedGradleVersions - Gradle version information cache is up-to-date. Trying to read.
2025-01-15 11:23:35,137 [Worker-18: Updating Maven Dependencies] ERROR o.e.m.c.internal.embedder.MavenImpl - Could not read settingsCacheMap.xml, assuming default values
org.apache.maven.settings.building.SettingsBuildingException: 1 problem was encountered while building the effective settings
[FATAL] Non-parseable settings /Users/McEwa/.m2/settings.xml: expected = after attribute name (position: START_DOCUMENT seen ...://www.w3.org/2001/XMLSchema-instance"\nxsi:schemaLocation=""http:/... @3:28)  @ /Users/McEwa/.m2/settings.xml, line 3, column 28

	at org.apache.maven.settings.building.DefaultSettingsBuilder.build(DefaultSettingsBuilder.java:115)
	at org.eclipse.m2e.core.internal.embedder.MavenImpl$MavenSettings.getSettings(MavenImpl.java:1117)
	at org.eclipse.m2e.core.internal.embedder.MavenImpl.getSettings(MavenImpl.java:279)
	at org.eclipse.m2e.core.internal.embedder.MavenExecutionContext.createExecutionRequest(MavenExecutionContext.java:207)
	at org.eclipse.m2e.core.internal.embedder.MavenExecutionContext.newExecutionRequest(MavenExecutionContext.java:168)
	at org.eclipse.m2e.core.internal.embedder.MavenExecutionContext.execute(MavenExecutionContext.java:305)
	at org.eclipse.m2e.core.internal.embedder.MavenExecutionContext.execute(MavenExecutionContext.java:278)
	at org.eclipse.m2e.core.internal.project.registry.ProjectRegistryRefreshJob.run(ProjectRegistryRefreshJob.java:106)
	at org.eclipse.core.internal.jobs.Worker.run(Worker.java:63)
2025-01-18 17:04:20,053 [Worker-4: Loading available Gradle versions] INFO  o.e.b.c.i.u.g.PublishedGradleVersions - Gradle version information cache is out-of-date. Trying to update.
2025-01-18 17:04:22,343 [Worker-16: Updating Maven Dependencies] ERROR o.e.m.c.internal.embedder.MavenImpl - Could not read settingsCacheMap.xml, assuming default values
org.apache.maven.settings.building.SettingsBuildingException: 1 problem was encountered while building the effective settings
[FATAL] Non-parseable settings /Users/McEwa/.m2/settings.xml: expected = after attribute name (position: START_DOCUMENT seen ...://www.w3.org/2001/XMLSchema-instance"\nxsi:schemaLocation=""http:/... @3:28)  @ /Users/McEwa/.m2/settings.xml, line 3, column 28

	at org.apache.maven.settings.building.DefaultSettingsBuilder.build(DefaultSettingsBuilder.java:115)
	at org.eclipse.m2e.core.internal.embedder.MavenImpl$MavenSettings.getSettings(MavenImpl.java:1117)
	at org.eclipse.m2e.core.internal.embedder.MavenImpl.getSettings(MavenImpl.java:279)
	at org.eclipse.m2e.core.internal.embedder.MavenExecutionContext.createExecutionRequest(MavenExecutionContext.java:207)
	at org.eclipse.m2e.core.internal.embedder.MavenExecutionContext.newExecutionRequest(MavenExecutionContext.java:168)
	at org.eclipse.m2e.core.internal.embedder.MavenExecutionContext.execute(MavenExecutionContext.java:305)
	at org.eclipse.m2e.core.internal.embedder.MavenExecutionContext.execute(MavenExecutionContext.java:278)
	at org.eclipse.m2e.core.internal.project.registry.ProjectRegistryRefreshJob.run(ProjectRegistryRefreshJob.java:106)
	at org.eclipse.core.internal.jobs.Worker.run(Worker.java:63)
2025-01-20 14:14:06,102 [Worker-8: Loading available Gradle versions] INFO  o.e.b.c.i.u.g.PublishedGradleVersions - Gradle version information cache is out-of-date. Trying to update.
2025-01-20 14:14:08,066 [Worker-17: Updating Maven Dependencies] ERROR o.e.m.c.internal.embedder.MavenImpl - Could not read settingsCacheMap.xml, assuming default values
org.apache.maven.settings.building.SettingsBuildingException: 1 problem was encountered while building the effective settings
[FATAL] Non-parseable settings /Users/McEwa/.m2/settings.xml: expected = after attribute name (position: START_DOCUMENT seen ...://www.w3.org/2001/XMLSchema-instance"\nxsi:schemaLocation=""http:/... @3:28)  @ /Users/McEwa/.m2/settings.xml, line 3, column 28

	at org.apache.maven.settings.building.DefaultSettingsBuilder.build(DefaultSettingsBuilder.java:115)
	at org.eclipse.m2e.core.internal.embedder.MavenImpl$MavenSettings.getSettings(MavenImpl.java:1117)
	at org.eclipse.m2e.core.internal.embedder.MavenImpl.getSettings(MavenImpl.java:279)
	at org.eclipse.m2e.core.internal.embedder.MavenExecutionContext.createExecutionRequest(MavenExecutionContext.java:207)
	at org.eclipse.m2e.core.internal.embedder.MavenExecutionContext.newExecutionRequest(MavenExecutionContext.java:168)
	at org.eclipse.m2e.core.internal.embedder.MavenExecutionContext.execute(MavenExecutionContext.java:305)
	at org.eclipse.m2e.core.internal.embedder.MavenExecutionContext.execute(MavenExecutionContext.java:278)
	at org.eclipse.m2e.core.internal.project.registry.ProjectRegistryRefreshJob.run(ProjectRegistryRefreshJob.java:106)
	at org.eclipse.core.internal.jobs.Worker.run(Worker.java:63)
